<?xml version="1.0" encoding="UTF-8"?>
<!-- Generated by org.testng.reporters.JUnitReportReporter -->
<testsuite skipped="0" hostname="Admin-PC" name="com.orangehrmlive.qa.testcases.LoginPageTest" tests="3" failures="0" timestamp="31 Dec 2009 18:34:04 GMT" time="48.992" errors="0">
  <testcase name="LoginPageTitleTest" time="11.690" classname="com.orangehrmlive.qa.testcases.LoginPageTest"/>
  <testcase name="orangelogoimgTest" time="14.278" classname="com.orangehrmlive.qa.testcases.LoginPageTest"/>
  <testcase name="loginTest" time="23.024" classname="com.orangehrmlive.qa.testcases.LoginPageTest"/>
</testsuite> <!-- com.orangehrmlive.qa.testcases.LoginPageTest -->
